[2025-12-22 23:04:22] Start daily sync
[2025-12-22 23:04:22] PROJECT_DIR=/usr/local/GP/amazon-products-api
[2025-12-22 23:04:22] PLATFORM_NAME=amazon_us
[2025-12-22 23:04:22] ASINS_FILE=/usr/local/GP/amazon-products-api/asins.txt
[2025-12-22 23:04:23] Python=/usr/local/GP/amazon-products-api/venv/bin/python
[2025-12-22 23:04:23] DATABASE_URL set: yes
[2025-12-22 23:04:23] KEEPA_API_KEY length: 11
Traceback (most recent call last):
  File "<frozen runpy>", line 198, in _run_module_as_main
  File "<frozen runpy>", line 88, in _run_code
  File "/usr/local/GP/amazon-products-api/scripts/sync_keepa.py", line 366, in <module>
    main()
    ~~~~^^
  File "/usr/local/GP/amazon-products-api/scripts/sync_keepa.py", line 330, in main
    payload = client.fetch_products(group, stats=args.stats, buybox=args.buybox)
  File "/usr/local/GP/amazon-products-api/app/keepa_client.py", line 30, in fetch_products
    r.raise_for_status()
    ~~~~~~~~~~~~~~~~~~^^
  File "/usr/local/GP/amazon-products-api/venv/lib/python3.13/site-packages/requests/models.py", line 1026, in raise_for_status
    raise HTTPError(http_error_msg, response=self)
requests.exceptions.HTTPError: 400 Client Error: Bad Request for url: https://api.keepa.com/product?key=%E4%BD%A0%E7%9A%84keepa_key&domain=1&asin=B09DT48V16%2CB0FH911KS1%2CB0DN45YMP6%2CB0FR4Q1GVH%2CB09FT58QQP%2CB0CRTR3PMF%2CB0D7FVQ1ZB&stats=1&buybox=1
[2025-12-22 23:04:24] [ERROR] sync_keepa failed rc=1
[2025-12-22 23:05:49] Start daily sync
[2025-12-22 23:05:49] PROJECT_DIR=/usr/local/GP/amazon-products-api
[2025-12-22 23:05:49] PLATFORM_NAME=amazon_us
[2025-12-22 23:05:49] ASINS_FILE=/usr/local/GP/amazon-products-api/asins.txt
[2025-12-22 23:05:49] Python=/usr/local/GP/amazon-products-api/venv/bin/python
[2025-12-22 23:05:49] DATABASE_URL set: yes
[2025-12-22 23:05:49] KEEPA_API_KEY length: 11
Traceback (most recent call last):
  File "<frozen runpy>", line 198, in _run_module_as_main
  File "<frozen runpy>", line 88, in _run_code
  File "/usr/local/GP/amazon-products-api/scripts/sync_keepa.py", line 366, in <module>
    main()
    ~~~~^^
  File "/usr/local/GP/amazon-products-api/scripts/sync_keepa.py", line 330, in main
    payload = client.fetch_products(group, stats=args.stats, buybox=args.buybox)
  File "/usr/local/GP/amazon-products-api/app/keepa_client.py", line 30, in fetch_products
    r.raise_for_status()
    ~~~~~~~~~~~~~~~~~~^^
  File "/usr/local/GP/amazon-products-api/venv/lib/python3.13/site-packages/requests/models.py", line 1026, in raise_for_status
    raise HTTPError(http_error_msg, response=self)
requests.exceptions.HTTPError: 400 Client Error: Bad Request for url: https://api.keepa.com/product?key=%E4%BD%A0%E7%9A%84keepa_key&domain=1&asin=B09DT48V16%2CB0FH911KS1%2CB0DN45YMP6%2CB0FR4Q1GVH%2CB09FT58QQP%2CB0CRTR3PMF%2CB0D7FVQ1ZB&stats=1&buybox=1
[2025-12-22 23:05:51] [ERROR] sync_keepa failed rc=1
[2025-12-22 23:06:50] Start daily sync
[2025-12-22 23:06:50] PROJECT_DIR=/usr/local/GP/amazon-products-api
[2025-12-22 23:06:50] PLATFORM_NAME=amazon_us
[2025-12-22 23:06:50] ASINS_FILE=/usr/local/GP/amazon-products-api/asins.txt
[2025-12-22 23:06:50] Python=/usr/local/GP/amazon-products-api/venv/bin/python
[2025-12-22 23:06:50] DATABASE_URL set: yes
[2025-12-22 23:06:50] KEEPA_API_KEY length: 11
Traceback (most recent call last):
  File "<frozen runpy>", line 198, in _run_module_as_main
  File "<frozen runpy>", line 88, in _run_code
  File "/usr/local/GP/amazon-products-api/scripts/sync_keepa.py", line 366, in <module>
    main()
    ~~~~^^
  File "/usr/local/GP/amazon-products-api/scripts/sync_keepa.py", line 330, in main
    payload = client.fetch_products(group, stats=args.stats, buybox=args.buybox)
  File "/usr/local/GP/amazon-products-api/app/keepa_client.py", line 30, in fetch_products
    r.raise_for_status()
    ~~~~~~~~~~~~~~~~~~^^
  File "/usr/local/GP/amazon-products-api/venv/lib/python3.13/site-packages/requests/models.py", line 1026, in raise_for_status
    raise HTTPError(http_error_msg, response=self)
requests.exceptions.HTTPError: 400 Client Error: Bad Request for url: https://api.keepa.com/product?key=%E4%BD%A0%E7%9A%84keepa_key&domain=1&asin=B09DT48V16%2CB0FH911KS1%2CB0DN45YMP6%2CB0FR4Q1GVH%2CB09FT58QQP%2CB0CRTR3PMF%2CB0D7FVQ1ZB&stats=1&buybox=1
[2025-12-22 23:06:52] [ERROR] sync_keepa failed rc=1
Traceback (most recent call last):
  File "/usr/local/GP/amazon-products-api/venv/lib/python3.13/site-packages/sqlalchemy/engine/base.py", line 143, in __init__
    self._dbapi_connection = engine.raw_connection()
                             ~~~~~~~~~~~~~~~~~~~~~^^
  File "/usr/local/GP/amazon-products-api/venv/lib/python3.13/site-packages/sqlalchemy/engine/base.py", line 3309, in raw_connection
    return self.pool.connect()
           ~~~~~~~~~~~~~~~~~^^
  File "/usr/local/GP/amazon-products-api/venv/lib/python3.13/site-packages/sqlalchemy/pool/base.py", line 447, in connect
    return _ConnectionFairy._checkout(self)
           ~~~~~~~~~~~~~~~~~~~~~~~~~~^^^^^^
  File "/usr/local/GP/amazon-products-api/venv/lib/python3.13/site-packages/sqlalchemy/pool/base.py", line 1264, in _checkout
    fairy = _ConnectionRecord.checkout(pool)
  File "/usr/local/GP/amazon-products-api/venv/lib/python3.13/site-packages/sqlalchemy/pool/base.py", line 711, in checkout
    rec = pool._do_get()
  File "/usr/local/GP/amazon-products-api/venv/lib/python3.13/site-packages/sqlalchemy/pool/impl.py", line 177, in _do_get
    with util.safe_reraise():
         ~~~~~~~~~~~~~~~~~^^
  File "/usr/local/GP/amazon-products-api/venv/lib/python3.13/site-packages/sqlalchemy/util/langhelpers.py", line 224, in __exit__
    raise exc_value.with_traceback(exc_tb)
  File "/usr/local/GP/amazon-products-api/venv/lib/python3.13/site-packages/sqlalchemy/pool/impl.py", line 175, in _do_get
    return self._create_connection()
           ~~~~~~~~~~~~~~~~~~~~~~~^^
  File "/usr/local/GP/amazon-products-api/venv/lib/python3.13/site-packages/sqlalchemy/pool/base.py", line 388, in _create_connection
    return _ConnectionRecord(self)
  File "/usr/local/GP/amazon-products-api/venv/lib/python3.13/site-packages/sqlalchemy/pool/base.py", line 673, in __init__
    self.__connect()
    ~~~~~~~~~~~~~~^^
  File "/usr/local/GP/amazon-products-api/venv/lib/python3.13/site-packages/sqlalchemy/pool/base.py", line 899, in __connect
    with util.safe_reraise():
         ~~~~~~~~~~~~~~~~~^^
  File "/usr/local/GP/amazon-products-api/venv/lib/python3.13/site-packages/sqlalchemy/util/langhelpers.py", line 224, in __exit__
    raise exc_value.with_traceback(exc_tb)
  File "/usr/local/GP/amazon-products-api/venv/lib/python3.13/site-packages/sqlalchemy/pool/base.py", line 895, in __connect
    self.dbapi_connection = connection = pool._invoke_creator(self)
                                         ~~~~~~~~~~~~~~~~~~~~^^^^^^
  File "/usr/local/GP/amazon-products-api/venv/lib/python3.13/site-packages/sqlalchemy/engine/create.py", line 661, in connect
    return dialect.connect(*cargs, **cparams)
           ~~~~~~~~~~~~~~~^^^^^^^^^^^^^^^^^^^
  File "/usr/local/GP/amazon-products-api/venv/lib/python3.13/site-packages/sqlalchemy/engine/default.py", line 630, in connect
    return self.loaded_dbapi.connect(*cargs, **cparams)  # type: ignore[no-any-return]  # NOQA: E501
           ~~~~~~~~~~~~~~~~~~~~~~~~~^^^^^^^^^^^^^^^^^^^
  File "/usr/local/GP/amazon-products-api/venv/lib/python3.13/site-packages/psycopg2/__init__.py", line 122, in connect
    conn = _connect(dsn, connection_factory=connection_factory, **kwasync)
psycopg2.OperationalError: connection to server at "127.0.0.1", port 5432 failed: FATAL:  role "user" does not exist


The above exception was the direct cause of the following exception:

Traceback (most recent call last):
  File "<frozen runpy>", line 198, in _run_module_as_main
  File "<frozen runpy>", line 88, in _run_code
  File "/usr/local/GP/amazon-products-api/scripts/sync_keepa.py", line 366, in <module>
    main()
    ~~~~^^
  File "/usr/local/GP/amazon-products-api/scripts/sync_keepa.py", line 335, in main
    with engine.begin() as conn:
         ~~~~~~~~~~~~^^
  File "/usr/local/Cellar/python@3.13/3.13.2/Frameworks/Python.framework/Versions/3.13/lib/python3.13/contextlib.py", line 141, in __enter__
    return next(self.gen)
  File "/usr/local/GP/amazon-products-api/venv/lib/python3.13/site-packages/sqlalchemy/engine/base.py", line 3249, in begin
    with self.connect() as conn:
         ~~~~~~~~~~~~^^
  File "/usr/local/GP/amazon-products-api/venv/lib/python3.13/site-packages/sqlalchemy/engine/base.py", line 3285, in connect
    return self._connection_cls(self)
           ~~~~~~~~~~~~~~~~~~~~^^^^^^
  File "/usr/local/GP/amazon-products-api/venv/lib/python3.13/site-packages/sqlalchemy/engine/base.py", line 145, in __init__
    Connection._handle_dbapi_exception_noconnection(
    ~~~~~~~~~~~~~~~~~~~~~~~~~~~~~~~~~~~~~~~~~~~~~~~^
        err, dialect, engine
        ^^^^^^^^^^^^^^^^^^^^
    )
    ^
  File "/usr/local/GP/amazon-products-api/venv/lib/python3.13/site-packages/sqlalchemy/engine/base.py", line 2448, in _handle_dbapi_exception_noconnection
    raise sqlalchemy_exception.with_traceback(exc_info[2]) from e
  File "/usr/local/GP/amazon-products-api/venv/lib/python3.13/site-packages/sqlalchemy/engine/base.py", line 143, in __init__
    self._dbapi_connection = engine.raw_connection()
                             ~~~~~~~~~~~~~~~~~~~~~^^
  File "/usr/local/GP/amazon-products-api/venv/lib/python3.13/site-packages/sqlalchemy/engine/base.py", line 3309, in raw_connection
    return self.pool.connect()
           ~~~~~~~~~~~~~~~~~^^
  File "/usr/local/GP/amazon-products-api/venv/lib/python3.13/site-packages/sqlalchemy/pool/base.py", line 447, in connect
    return _ConnectionFairy._checkout(self)
           ~~~~~~~~~~~~~~~~~~~~~~~~~~^^^^^^
  File "/usr/local/GP/amazon-products-api/venv/lib/python3.13/site-packages/sqlalchemy/pool/base.py", line 1264, in _checkout
    fairy = _ConnectionRecord.checkout(pool)
  File "/usr/local/GP/amazon-products-api/venv/lib/python3.13/site-packages/sqlalchemy/pool/base.py", line 711, in checkout
    rec = pool._do_get()
  File "/usr/local/GP/amazon-products-api/venv/lib/python3.13/site-packages/sqlalchemy/pool/impl.py", line 177, in _do_get
    with util.safe_reraise():
         ~~~~~~~~~~~~~~~~~^^
  File "/usr/local/GP/amazon-products-api/venv/lib/python3.13/site-packages/sqlalchemy/util/langhelpers.py", line 224, in __exit__
    raise exc_value.with_traceback(exc_tb)
  File "/usr/local/GP/amazon-products-api/venv/lib/python3.13/site-packages/sqlalchemy/pool/impl.py", line 175, in _do_get
    return self._create_connection()
           ~~~~~~~~~~~~~~~~~~~~~~~^^
  File "/usr/local/GP/amazon-products-api/venv/lib/python3.13/site-packages/sqlalchemy/pool/base.py", line 388, in _create_connection
    return _ConnectionRecord(self)
  File "/usr/local/GP/amazon-products-api/venv/lib/python3.13/site-packages/sqlalchemy/pool/base.py", line 673, in __init__
    self.__connect()
    ~~~~~~~~~~~~~~^^
  File "/usr/local/GP/amazon-products-api/venv/lib/python3.13/site-packages/sqlalchemy/pool/base.py", line 899, in __connect
    with util.safe_reraise():
         ~~~~~~~~~~~~~~~~~^^
  File "/usr/local/GP/amazon-products-api/venv/lib/python3.13/site-packages/sqlalchemy/util/langhelpers.py", line 224, in __exit__
    raise exc_value.with_traceback(exc_tb)
  File "/usr/local/GP/amazon-products-api/venv/lib/python3.13/site-packages/sqlalchemy/pool/base.py", line 895, in __connect
    self.dbapi_connection = connection = pool._invoke_creator(self)
                                         ~~~~~~~~~~~~~~~~~~~~^^^^^^
  File "/usr/local/GP/amazon-products-api/venv/lib/python3.13/site-packages/sqlalchemy/engine/create.py", line 661, in connect
    return dialect.connect(*cargs, **cparams)
           ~~~~~~~~~~~~~~~^^^^^^^^^^^^^^^^^^^
  File "/usr/local/GP/amazon-products-api/venv/lib/python3.13/site-packages/sqlalchemy/engine/default.py", line 630, in connect
    return self.loaded_dbapi.connect(*cargs, **cparams)  # type: ignore[no-any-return]  # NOQA: E501
           ~~~~~~~~~~~~~~~~~~~~~~~~~^^^^^^^^^^^^^^^^^^^
  File "/usr/local/GP/amazon-products-api/venv/lib/python3.13/site-packages/psycopg2/__init__.py", line 122, in connect
    conn = _connect(dsn, connection_factory=connection_factory, **kwasync)
sqlalchemy.exc.OperationalError: (psycopg2.OperationalError) connection to server at "127.0.0.1", port 5432 failed: FATAL:  role "user" does not exist

(Background on this error at: https://sqlalche.me/e/20/e3q8)
Traceback (most recent call last):
  File "<frozen runpy>", line 198, in _run_module_as_main
  File "<frozen runpy>", line 88, in _run_code
  File "/usr/local/GP/amazon-products-api/scripts/sync_keepa.py", line 366, in <module>
    main()
    ~~~~^^
  File "/usr/local/GP/amazon-products-api/scripts/sync_keepa.py", line 319, in main
    engine = get_engine()
  File "/usr/local/GP/amazon-products-api/app/db.py", line 10, in get_engine
    return create_engine(DATABASE_URL, pool_pre_ping=True)
  File "<string>", line 2, in create_engine
  File "/usr/local/GP/amazon-products-api/venv/lib/python3.13/site-packages/sqlalchemy/util/deprecations.py", line 281, in warned
    return fn(*args, **kwargs)  # type: ignore[no-any-return]
  File "/usr/local/GP/amazon-products-api/venv/lib/python3.13/site-packages/sqlalchemy/engine/create.py", line 564, in create_engine
    u = _url.make_url(url)
  File "/usr/local/GP/amazon-products-api/venv/lib/python3.13/site-packages/sqlalchemy/engine/url.py", line 856, in make_url
    return _parse_url(name_or_url)
  File "/usr/local/GP/amazon-products-api/venv/lib/python3.13/site-packages/sqlalchemy/engine/url.py", line 922, in _parse_url
    raise exc.ArgumentError(
        "Could not parse SQLAlchemy URL from given URL string"
    )
sqlalchemy.exc.ArgumentError: Could not parse SQLAlchemy URL from given URL string
Traceback (most recent call last):
  File "/usr/local/GP/amazon-products-api/venv/lib/python3.13/site-packages/sqlalchemy/engine/base.py", line 143, in __init__
    self._dbapi_connection = engine.raw_connection()
                             ~~~~~~~~~~~~~~~~~~~~~^^
  File "/usr/local/GP/amazon-products-api/venv/lib/python3.13/site-packages/sqlalchemy/engine/base.py", line 3309, in raw_connection
    return self.pool.connect()
           ~~~~~~~~~~~~~~~~~^^
  File "/usr/local/GP/amazon-products-api/venv/lib/python3.13/site-packages/sqlalchemy/pool/base.py", line 447, in connect
    return _ConnectionFairy._checkout(self)
           ~~~~~~~~~~~~~~~~~~~~~~~~~~^^^^^^
  File "/usr/local/GP/amazon-products-api/venv/lib/python3.13/site-packages/sqlalchemy/pool/base.py", line 1264, in _checkout
    fairy = _ConnectionRecord.checkout(pool)
  File "/usr/local/GP/amazon-products-api/venv/lib/python3.13/site-packages/sqlalchemy/pool/base.py", line 711, in checkout
    rec = pool._do_get()
  File "/usr/local/GP/amazon-products-api/venv/lib/python3.13/site-packages/sqlalchemy/pool/impl.py", line 177, in _do_get
    with util.safe_reraise():
         ~~~~~~~~~~~~~~~~~^^
  File "/usr/local/GP/amazon-products-api/venv/lib/python3.13/site-packages/sqlalchemy/util/langhelpers.py", line 224, in __exit__
    raise exc_value.with_traceback(exc_tb)
  File "/usr/local/GP/amazon-products-api/venv/lib/python3.13/site-packages/sqlalchemy/pool/impl.py", line 175, in _do_get
    return self._create_connection()
           ~~~~~~~~~~~~~~~~~~~~~~~^^
  File "/usr/local/GP/amazon-products-api/venv/lib/python3.13/site-packages/sqlalchemy/pool/base.py", line 388, in _create_connection
    return _ConnectionRecord(self)
  File "/usr/local/GP/amazon-products-api/venv/lib/python3.13/site-packages/sqlalchemy/pool/base.py", line 673, in __init__
    self.__connect()
    ~~~~~~~~~~~~~~^^
  File "/usr/local/GP/amazon-products-api/venv/lib/python3.13/site-packages/sqlalchemy/pool/base.py", line 899, in __connect
    with util.safe_reraise():
         ~~~~~~~~~~~~~~~~~^^
  File "/usr/local/GP/amazon-products-api/venv/lib/python3.13/site-packages/sqlalchemy/util/langhelpers.py", line 224, in __exit__
    raise exc_value.with_traceback(exc_tb)
  File "/usr/local/GP/amazon-products-api/venv/lib/python3.13/site-packages/sqlalchemy/pool/base.py", line 895, in __connect
    self.dbapi_connection = connection = pool._invoke_creator(self)
                                         ~~~~~~~~~~~~~~~~~~~~^^^^^^
  File "/usr/local/GP/amazon-products-api/venv/lib/python3.13/site-packages/sqlalchemy/engine/create.py", line 661, in connect
    return dialect.connect(*cargs, **cparams)
           ~~~~~~~~~~~~~~~^^^^^^^^^^^^^^^^^^^
  File "/usr/local/GP/amazon-products-api/venv/lib/python3.13/site-packages/sqlalchemy/engine/default.py", line 630, in connect
    return self.loaded_dbapi.connect(*cargs, **cparams)  # type: ignore[no-any-return]  # NOQA: E501
           ~~~~~~~~~~~~~~~~~~~~~~~~~^^^^^^^^^^^^^^^^^^^
  File "/usr/local/GP/amazon-products-api/venv/lib/python3.13/site-packages/psycopg2/__init__.py", line 122, in connect
    conn = _connect(dsn, connection_factory=connection_factory, **kwasync)
psycopg2.OperationalError: could not translate host name "yunlongliu.0.0.1" to address: nodename nor servname provided, or not known


The above exception was the direct cause of the following exception:

Traceback (most recent call last):
  File "<frozen runpy>", line 198, in _run_module_as_main
  File "<frozen runpy>", line 88, in _run_code
  File "/usr/local/GP/amazon-products-api/scripts/sync_keepa.py", line 366, in <module>
    main()
    ~~~~^^
  File "/usr/local/GP/amazon-products-api/scripts/sync_keepa.py", line 335, in main
    with engine.begin() as conn:
         ~~~~~~~~~~~~^^
  File "/usr/local/Cellar/python@3.13/3.13.2/Frameworks/Python.framework/Versions/3.13/lib/python3.13/contextlib.py", line 141, in __enter__
    return next(self.gen)
  File "/usr/local/GP/amazon-products-api/venv/lib/python3.13/site-packages/sqlalchemy/engine/base.py", line 3249, in begin
    with self.connect() as conn:
         ~~~~~~~~~~~~^^
  File "/usr/local/GP/amazon-products-api/venv/lib/python3.13/site-packages/sqlalchemy/engine/base.py", line 3285, in connect
    return self._connection_cls(self)
           ~~~~~~~~~~~~~~~~~~~~^^^^^^
  File "/usr/local/GP/amazon-products-api/venv/lib/python3.13/site-packages/sqlalchemy/engine/base.py", line 145, in __init__
    Connection._handle_dbapi_exception_noconnection(
    ~~~~~~~~~~~~~~~~~~~~~~~~~~~~~~~~~~~~~~~~~~~~~~~^
        err, dialect, engine
        ^^^^^^^^^^^^^^^^^^^^
    )
    ^
  File "/usr/local/GP/amazon-products-api/venv/lib/python3.13/site-packages/sqlalchemy/engine/base.py", line 2448, in _handle_dbapi_exception_noconnection
    raise sqlalchemy_exception.with_traceback(exc_info[2]) from e
  File "/usr/local/GP/amazon-products-api/venv/lib/python3.13/site-packages/sqlalchemy/engine/base.py", line 143, in __init__
    self._dbapi_connection = engine.raw_connection()
                             ~~~~~~~~~~~~~~~~~~~~~^^
  File "/usr/local/GP/amazon-products-api/venv/lib/python3.13/site-packages/sqlalchemy/engine/base.py", line 3309, in raw_connection
    return self.pool.connect()
           ~~~~~~~~~~~~~~~~~^^
  File "/usr/local/GP/amazon-products-api/venv/lib/python3.13/site-packages/sqlalchemy/pool/base.py", line 447, in connect
    return _ConnectionFairy._checkout(self)
           ~~~~~~~~~~~~~~~~~~~~~~~~~~^^^^^^
  File "/usr/local/GP/amazon-products-api/venv/lib/python3.13/site-packages/sqlalchemy/pool/base.py", line 1264, in _checkout
    fairy = _ConnectionRecord.checkout(pool)
  File "/usr/local/GP/amazon-products-api/venv/lib/python3.13/site-packages/sqlalchemy/pool/base.py", line 711, in checkout
    rec = pool._do_get()
  File "/usr/local/GP/amazon-products-api/venv/lib/python3.13/site-packages/sqlalchemy/pool/impl.py", line 177, in _do_get
    with util.safe_reraise():
         ~~~~~~~~~~~~~~~~~^^
  File "/usr/local/GP/amazon-products-api/venv/lib/python3.13/site-packages/sqlalchemy/util/langhelpers.py", line 224, in __exit__
    raise exc_value.with_traceback(exc_tb)
  File "/usr/local/GP/amazon-products-api/venv/lib/python3.13/site-packages/sqlalchemy/pool/impl.py", line 175, in _do_get
    return self._create_connection()
           ~~~~~~~~~~~~~~~~~~~~~~~^^
  File "/usr/local/GP/amazon-products-api/venv/lib/python3.13/site-packages/sqlalchemy/pool/base.py", line 388, in _create_connection
    return _ConnectionRecord(self)
  File "/usr/local/GP/amazon-products-api/venv/lib/python3.13/site-packages/sqlalchemy/pool/base.py", line 673, in __init__
    self.__connect()
    ~~~~~~~~~~~~~~^^
  File "/usr/local/GP/amazon-products-api/venv/lib/python3.13/site-packages/sqlalchemy/pool/base.py", line 899, in __connect
    with util.safe_reraise():
         ~~~~~~~~~~~~~~~~~^^
  File "/usr/local/GP/amazon-products-api/venv/lib/python3.13/site-packages/sqlalchemy/util/langhelpers.py", line 224, in __exit__
    raise exc_value.with_traceback(exc_tb)
  File "/usr/local/GP/amazon-products-api/venv/lib/python3.13/site-packages/sqlalchemy/pool/base.py", line 895, in __connect
    self.dbapi_connection = connection = pool._invoke_creator(self)
                                         ~~~~~~~~~~~~~~~~~~~~^^^^^^
  File "/usr/local/GP/amazon-products-api/venv/lib/python3.13/site-packages/sqlalchemy/engine/create.py", line 661, in connect
    return dialect.connect(*cargs, **cparams)
           ~~~~~~~~~~~~~~~^^^^^^^^^^^^^^^^^^^
  File "/usr/local/GP/amazon-products-api/venv/lib/python3.13/site-packages/sqlalchemy/engine/default.py", line 630, in connect
    return self.loaded_dbapi.connect(*cargs, **cparams)  # type: ignore[no-any-return]  # NOQA: E501
           ~~~~~~~~~~~~~~~~~~~~~~~~~^^^^^^^^^^^^^^^^^^^
  File "/usr/local/GP/amazon-products-api/venv/lib/python3.13/site-packages/psycopg2/__init__.py", line 122, in connect
    conn = _connect(dsn, connection_factory=connection_factory, **kwasync)
sqlalchemy.exc.OperationalError: (psycopg2.OperationalError) could not translate host name "yunlongliu.0.0.1" to address: nodename nor servname provided, or not known

(Background on this error at: https://sqlalche.me/e/20/e3q8)
OK sync_keepa: products=7 prices_added=0 ratings_added=0 ranks_added=0
Traceback (most recent call last):
  File "<frozen runpy>", line 198, in _run_module_as_main
  File "<frozen runpy>", line 88, in _run_code
  File "/usr/local/GP/amazon-products-api/scripts/sync_keepa.py", line 366, in <module>
    main()
    ~~~~^^
  File "/usr/local/GP/amazon-products-api/scripts/sync_keepa.py", line 330, in main
    payload = client.fetch_products(group, stats=args.stats, buybox=args.buybox)
  File "/usr/local/GP/amazon-products-api/app/keepa_client.py", line 29, in fetch_products
    r = requests.get(url, params=params, timeout=self.timeout)
  File "/usr/local/GP/amazon-products-api/venv/lib/python3.13/site-packages/requests/api.py", line 73, in get
    return request("get", url, params=params, **kwargs)
  File "/usr/local/GP/amazon-products-api/venv/lib/python3.13/site-packages/requests/api.py", line 59, in request
    return session.request(method=method, url=url, **kwargs)
           ~~~~~~~~~~~~~~~^^^^^^^^^^^^^^^^^^^^^^^^^^^^^^^^^^
  File "/usr/local/GP/amazon-products-api/venv/lib/python3.13/site-packages/requests/sessions.py", line 589, in request
    resp = self.send(prep, **send_kwargs)
  File "/usr/local/GP/amazon-products-api/venv/lib/python3.13/site-packages/requests/sessions.py", line 746, in send
    r.content
  File "/usr/local/GP/amazon-products-api/venv/lib/python3.13/site-packages/requests/models.py", line 902, in content
    self._content = b"".join(self.iter_content(CONTENT_CHUNK_SIZE)) or b""
                    ~~~~~~~~^^^^^^^^^^^^^^^^^^^^^^^^^^^^^^^^^^^^^^^
  File "/usr/local/GP/amazon-products-api/venv/lib/python3.13/site-packages/requests/models.py", line 820, in generate
    yield from self.raw.stream(chunk_size, decode_content=True)
  File "/usr/local/GP/amazon-products-api/venv/lib/python3.13/site-packages/urllib3/response.py", line 1253, in stream
    data = self.read(amt=amt, decode_content=decode_content)
  File "/usr/local/GP/amazon-products-api/venv/lib/python3.13/site-packages/urllib3/response.py", line 1108, in read
    data = self._raw_read(amt)
  File "/usr/local/GP/amazon-products-api/venv/lib/python3.13/site-packages/urllib3/response.py", line 1024, in _raw_read
    data = self._fp_read(amt, read1=read1) if not fp_closed else b""
           ~~~~~~~~~~~~~^^^^^^^^^^^^^^^^^^
  File "/usr/local/GP/amazon-products-api/venv/lib/python3.13/site-packages/urllib3/response.py", line 1007, in _fp_read
    return self._fp.read(amt) if amt is not None else self._fp.read()
           ~~~~~~~~~~~~~^^^^^
  File "/usr/local/Cellar/python@3.13/3.13.2/Frameworks/Python.framework/Versions/3.13/lib/python3.13/http/client.py", line 479, in read
    s = self.fp.read(amt)
  File "/usr/local/Cellar/python@3.13/3.13.2/Frameworks/Python.framework/Versions/3.13/lib/python3.13/socket.py", line 719, in readinto
    return self._sock.recv_into(b)
           ~~~~~~~~~~~~~~~~~~~~^^^
  File "/usr/local/Cellar/python@3.13/3.13.2/Frameworks/Python.framework/Versions/3.13/lib/python3.13/ssl.py", line 1304, in recv_into
    return self.read(nbytes, buffer)
           ~~~~~~~~~^^^^^^^^^^^^^^^^
  File "/usr/local/Cellar/python@3.13/3.13.2/Frameworks/Python.framework/Versions/3.13/lib/python3.13/ssl.py", line 1138, in read
    return self._sslobj.read(len, buffer)
           ~~~~~~~~~~~~~~~~~^^^^^^^^^^^^^
KeyboardInterrupt
OK sync_keepa: products=7 prices_added=0 ratings_added=0 ranks_added=0
OK sync_keepa: products=7 prices_added=0 ratings_added=0 ranks_added=0
OK sync_keepa: products=7 prices_added=0 ratings_added=0 ranks_added=0
